<?xml version="1.0" encoding="UTF-8"?>
<!-- Generated by org.testng.reporters.JUnitReportReporter -->
<testsuite skipped="0" hostname="IN-5CD6411JS3" name="com.crm.qa.testcases.LoginPageTest" tests="3" failures="0" timestamp="2021-09-03T11:59:51 IST" time="27.280" errors="0">
  <testcase name="loginPageTitleTest" time="8.543" classname="com.crm.qa.testcases.LoginPageTest"/>
  <system-out/>
  <testcase name="crmImageTest" time="8.461" classname="com.crm.qa.testcases.LoginPageTest"/>
  <system-out/>
  <testcase name="loginTest" time="10.276" classname="com.crm.qa.testcases.LoginPageTest"/>
  <system-out/>
</testsuite> <!-- com.crm.qa.testcases.LoginPageTest -->
