<?xml version="1.0" encoding="UTF-8"?>
<!-- Generated by org.testng.reporters.JUnitReportReporter -->
<testsuite skipped="0" hostname="IN-5CD6411JS3" name="com.crm.qa.testcases.ContactsPageTest" tests="2" failures="0" timestamp="2021-09-04T16:35:17 IST" time="40.092" errors="0">
  <testcase name="verifyContactsLabelTest" time="25.215" classname="com.crm.qa.testcases.ContactsPageTest"/>
  <system-out/>
  <testcase name="selectSingleContactTest" time="14.877" classname="com.crm.qa.testcases.ContactsPageTest"/>
  <system-out/>
</testsuite> <!-- com.crm.qa.testcases.ContactsPageTest -->
